<?xml version="1.0" encoding="UTF-8"?>
<testng-results total="2" passed="2" failed="0" skipped="0">
  <reporter-output>
  </reporter-output>
  <suite started-at="2019-11-25T00:40:43Z" name="Default suite" finished-at="2019-11-25T00:41:09Z" duration-ms="26478">
    <groups>
    </groups>
    <test started-at="2019-11-25T00:40:43Z" name="Default test" finished-at="2019-11-25T00:41:09Z" duration-ms="26478">
      <class name="testCase1.thirdTest">
        <test-method is-config="true" signature="launchBrowser()[pri:0, instance:testCase1.thirdTest@176d53b2]" started-at="2019-11-24T18:40:43Z" name="launchBrowser" finished-at="2019-11-24T18:40:48Z" duration-ms="5602" status="PASS">
          <reporter-output>
          </reporter-output>
        </test-method> <!-- launchBrowser -->
        <test-method signature="verifyPageTitle1()[pri:0, instance:testCase1.thirdTest@176d53b2]" started-at="2019-11-24T18:40:48Z" name="verifyPageTitle1" finished-at="2019-11-24T18:40:50Z" duration-ms="2017" status="PASS">
          <reporter-output>
          </reporter-output>
        </test-method> <!-- verifyPageTitle1 -->
        <test-method is-config="true" signature="closeBrowser()[pri:0, instance:testCase1.thirdTest@176d53b2]" started-at="2019-11-24T18:40:50Z" name="closeBrowser" finished-at="2019-11-24T18:40:55Z" duration-ms="4321" status="PASS">
          <reporter-output>
          </reporter-output>
        </test-method> <!-- closeBrowser -->
        <test-method is-config="true" signature="launchBrowser()[pri:0, instance:testCase1.thirdTest@176d53b2]" started-at="2019-11-24T18:40:55Z" name="launchBrowser" finished-at="2019-11-24T18:41:00Z" duration-ms="5023" status="PASS">
          <reporter-output>
          </reporter-output>
        </test-method> <!-- launchBrowser -->
        <test-method signature="verifyPageTitle2()[pri:0, instance:testCase1.thirdTest@176d53b2]" started-at="2019-11-24T18:41:00Z" name="verifyPageTitle2" finished-at="2019-11-24T18:41:05Z" duration-ms="5395" status="PASS">
          <reporter-output>
          </reporter-output>
        </test-method> <!-- verifyPageTitle2 -->
        <test-method is-config="true" signature="closeBrowser()[pri:0, instance:testCase1.thirdTest@176d53b2]" started-at="2019-11-24T18:41:05Z" name="closeBrowser" finished-at="2019-11-24T18:41:09Z" duration-ms="4102" status="PASS">
          <reporter-output>
          </reporter-output>
        </test-method> <!-- closeBrowser -->
      </class> <!-- testCase1.thirdTest -->
    </test> <!-- Default test -->
  </suite> <!-- Default suite -->
</testng-results>
